<?xml version="1.0" encoding="UTF-8"?>
<testng-results skipped="0" failed="0" ignored="0" total="2" passed="2">
  <reporter-output>
  </reporter-output>
  <suite name="Default suite" duration-ms="3375" started-at="2019-08-18T21:43:52Z" finished-at="2019-08-18T21:43:55Z">
    <groups>
    </groups>
    <test name="Default test" duration-ms="3375" started-at="2019-08-18T21:43:52Z" finished-at="2019-08-18T21:43:55Z">
      <class name="com.test.api.AppTest">
        <test-method status="PASS" signature="getStatesTest()[pri:0, instance:com.test.api.AppTest@51565ec2]" name="getStatesTest" duration-ms="2913" started-at="2019-08-18T14:43:52Z" finished-at="2019-08-18T14:43:55Z">
          <reporter-output>
          </reporter-output>
        </test-method> <!-- getStatesTest -->
        <test-method status="PASS" signature="validateTotalStatesTest()[pri:0, instance:com.test.api.AppTest@51565ec2]" name="validateTotalStatesTest" duration-ms="434" started-at="2019-08-18T14:43:55Z" finished-at="2019-08-18T14:43:55Z">
          <reporter-output>
          </reporter-output>
        </test-method> <!-- validateTotalStatesTest -->
      </class> <!-- com.test.api.AppTest -->
    </test> <!-- Default test -->
  </suite> <!-- Default suite -->
</testng-results>
